Determining size of ssize_t failed with the following output:
Change Dir: F:/OBS/obs_qt _cmke/build/CMakeFiles/CMakeTmp

Run Build Command:"nmake" "/NOLOGO" "cmTC_b352d\fast"
	"D:\Qt\Microsoft Visual Studio 14.0\VC\BIN\nmake.exe" -f CMakeFiles\cmTC_b352d.dir\build.make /nologo -L                  CMakeFiles\cmTC_b352d.dir\build
Building C object CMakeFiles/cmTC_b352d.dir/SSIZE_T.c.obj
	D:\Qt\MICROS~1.0\VC\BIN\cl.exe @C:\Users\ADMINI~1\AppData\Local\Temp\nm5263.tmp
SSIZE_T.c
F:\OBS\obs_qt _cmke\build\CMakeFiles\CheckTypeSize\SSIZE_T.c(19): error C2065: “ssize_t”: 未声明的标识符
F:\OBS\obs_qt _cmke\build\CMakeFiles\CheckTypeSize\SSIZE_T.c(20): error C2065: “ssize_t”: 未声明的标识符
F:\OBS\obs_qt _cmke\build\CMakeFiles\CheckTypeSize\SSIZE_T.c(21): error C2065: “ssize_t”: 未声明的标识符
F:\OBS\obs_qt _cmke\build\CMakeFiles\CheckTypeSize\SSIZE_T.c(22): error C2065: “ssize_t”: 未声明的标识符
F:\OBS\obs_qt _cmke\build\CMakeFiles\CheckTypeSize\SSIZE_T.c(23): error C2065: “ssize_t”: 未声明的标识符
NMAKE : fatal error U1077: “D:\Qt\MICROS~1.0\VC\BIN\cl.exe”: 返回代码“0x2”
Stop.
NMAKE : fatal error U1077: “"D:\Qt\Microsoft Visual Studio 14.0\VC\BIN\nmake.exe"”: 返回代码“0x2”
Stop.

F:/OBS/obs_qt _cmke/build/CMakeFiles/CheckTypeSize/SSIZE_T.c:
#include <sys/types.h>
#include <stdint.h>
#include <stddef.h>


#undef KEY
#if defined(__i386)
# define KEY '_','_','i','3','8','6'
#elif defined(__x86_64)
# define KEY '_','_','x','8','6','_','6','4'
#elif defined(__ppc__)
# define KEY '_','_','p','p','c','_','_'
#elif defined(__ppc64__)
# define KEY '_','_','p','p','c','6','4','_','_'
#endif

#define SIZE (sizeof(ssize_t))
char info_size[] =  {'I', 'N', 'F', 'O', ':', 's','i','z','e','[',
  ('0' + ((SIZE / 10000)%10)),
  ('0' + ((SIZE / 1000)%10)),
  ('0' + ((SIZE / 100)%10)),
  ('0' + ((SIZE / 10)%10)),
  ('0' +  (SIZE    % 10)),
  ']',
#ifdef KEY
  ' ','k','e','y','[', KEY, ']',
#endif
  '\0'};

#ifdef __CLASSIC_C__
int main(argc, argv) int argc; char *argv[];
#else
int main(int argc, char *argv[])
#endif
{
  int require = 0;
  require += info_size[argc];
  (void)argv;
  return require;
}


Determining size of SSIZE_T failed with the following output:
Change Dir: F:/OBS/obs_qt _cmke/build/CMakeFiles/CMakeTmp

Run Build Command:"nmake" "/NOLOGO" "cmTC_51140\fast"
	"D:\Qt\Microsoft Visual Studio 14.0\VC\BIN\nmake.exe" -f CMakeFiles\cmTC_51140.dir\build.make /nologo -L                  CMakeFiles\cmTC_51140.dir\build
Building C object CMakeFiles/cmTC_51140.dir/UPPERCASE_SSIZE_T.c.obj
	D:\Qt\MICROS~1.0\VC\BIN\cl.exe @C:\Users\ADMINI~1\AppData\Local\Temp\nm537C.tmp
UPPERCASE_SSIZE_T.c
F:\OBS\obs_qt _cmke\build\CMakeFiles\CheckTypeSize\UPPERCASE_SSIZE_T.c(19): error C2065: “SSIZE_T”: 未声明的标识符
F:\OBS\obs_qt _cmke\build\CMakeFiles\CheckTypeSize\UPPERCASE_SSIZE_T.c(20): error C2065: “SSIZE_T”: 未声明的标识符
F:\OBS\obs_qt _cmke\build\CMakeFiles\CheckTypeSize\UPPERCASE_SSIZE_T.c(21): error C2065: “SSIZE_T”: 未声明的标识符
F:\OBS\obs_qt _cmke\build\CMakeFiles\CheckTypeSize\UPPERCASE_SSIZE_T.c(22): error C2065: “SSIZE_T”: 未声明的标识符
F:\OBS\obs_qt _cmke\build\CMakeFiles\CheckTypeSize\UPPERCASE_SSIZE_T.c(23): error C2065: “SSIZE_T”: 未声明的标识符
NMAKE : fatal error U1077: “D:\Qt\MICROS~1.0\VC\BIN\cl.exe”: 返回代码“0x2”
Stop.
NMAKE : fatal error U1077: “"D:\Qt\Microsoft Visual Studio 14.0\VC\BIN\nmake.exe"”: 返回代码“0x2”
Stop.

F:/OBS/obs_qt _cmke/build/CMakeFiles/CheckTypeSize/UPPERCASE_SSIZE_T.c:
#include <sys/types.h>
#include <stdint.h>
#include <stddef.h>


#undef KEY
#if defined(__i386)
# define KEY '_','_','i','3','8','6'
#elif defined(__x86_64)
# define KEY '_','_','x','8','6','_','6','4'
#elif defined(__ppc__)
# define KEY '_','_','p','p','c','_','_'
#elif defined(__ppc64__)
# define KEY '_','_','p','p','c','6','4','_','_'
#endif

#define SIZE (sizeof(SSIZE_T))
char info_size[] =  {'I', 'N', 'F', 'O', ':', 's','i','z','e','[',
  ('0' + ((SIZE / 10000)%10)),
  ('0' + ((SIZE / 1000)%10)),
  ('0' + ((SIZE / 100)%10)),
  ('0' + ((SIZE / 10)%10)),
  ('0' +  (SIZE    % 10)),
  ']',
#ifdef KEY
  ' ','k','e','y','[', KEY, ']',
#endif
  '\0'};

#ifdef __CLASSIC_C__
int main(argc, argv) int argc; char *argv[];
#else
int main(int argc, char *argv[])
#endif
{
  int require = 0;
  require += info_size[argc];
  (void)argv;
  return require;
}


Determining if the function strtoq exists failed with the following output:
Change Dir: F:/OBS/obs_qt _cmke/build/CMakeFiles/CMakeTmp

Run Build Command:"nmake" "/NOLOGO" "cmTC_082ef\fast"
	"D:\Qt\Microsoft Visual Studio 14.0\VC\BIN\nmake.exe" -f CMakeFiles\cmTC_082ef.dir\build.make /nologo -L                  CMakeFiles\cmTC_082ef.dir\build
Building C object CMakeFiles/cmTC_082ef.dir/CheckFunctionExists.c.obj
	D:\Qt\MICROS~1.0\VC\BIN\cl.exe @C:\Users\ADMINI~1\AppData\Local\Temp\nm5754.tmp
CheckFunctionExists.c
Linking C executable cmTC_082ef.exe
	D:\app\CMake\bin\cmake.exe -E vs_link_exe --intdir=CMakeFiles\cmTC_082ef.dir --manifests  -- D:\Qt\MICROS~1.0\VC\bin\link.exe /nologo @CMakeFiles\cmTC_082ef.dir\objects1.rsp @C:\Users\ADMINI~1\AppData\Local\Temp\nm57C3.tmp
CheckFunctionExists.c.obj : error LNK2019: 鏃犳硶瑙ｆ瀽鐨勫閮ㄧ鍙?_strtoq锛岃绗﹀彿鍦ㄥ嚱鏁?_main 涓寮曠敤
cmTC_082ef.exe : fatal error LNK1120: 1 涓棤娉曡В鏋愮殑澶栭儴鍛戒护
LINK Pass 1 failed. with 1120
NMAKE : fatal error U1077: “D:\app\CMake\bin\cmake.exe”: 返回代码“0xffffffff”
Stop.
NMAKE : fatal error U1077: “"D:\Qt\Microsoft Visual Studio 14.0\VC\BIN\nmake.exe"”: 返回代码“0x2”
Stop.


Performing C SOURCE FILE Test HAVE___INLINE__ failed with the following output:
Change Dir: F:/OBS/obs_qt _cmke/build/CMakeFiles/CMakeTmp

Run Build Command:"nmake" "/NOLOGO" "cmTC_c8d20\fast"
	"D:\Qt\Microsoft Visual Studio 14.0\VC\BIN\nmake.exe" -f CMakeFiles\cmTC_c8d20.dir\build.make /nologo -L                  CMakeFiles\cmTC_c8d20.dir\build
Building C object CMakeFiles/cmTC_c8d20.dir/src.c.obj
	D:\Qt\MICROS~1.0\VC\BIN\cl.exe @C:\Users\ADMINI~1\AppData\Local\Temp\nm6AAD.tmp
src.c
F:\OBS\obs_qt _cmke\build\CMakeFiles\CMakeTmp\src.c(1): error C2054: 在“__inline__”之后应输入“(”
F:\OBS\obs_qt _cmke\build\CMakeFiles\CMakeTmp\src.c(1): error C2085: “func”: 不在形参表中
F:\OBS\obs_qt _cmke\build\CMakeFiles\CMakeTmp\src.c(1): error C2143: 语法错误: 缺少“;”(在“{”的前面)
F:\OBS\obs_qt _cmke\build\CMakeFiles\CMakeTmp\src.c(1): warning C4013: “func”未定义；假设外部返回 int
NMAKE : fatal error U1077: “D:\Qt\MICROS~1.0\VC\BIN\cl.exe”: 返回代码“0x2”
Stop.
NMAKE : fatal error U1077: “"D:\Qt\Microsoft Visual Studio 14.0\VC\BIN\nmake.exe"”: 返回代码“0x2”
Stop.

Source file was:
__inline__ void func(); void func() { } int main() { func(); return 0; }
Determining if files pthread.h exist failed with the following output:
Change Dir: F:/OBS/obs_qt _cmke/build/CMakeFiles/CMakeTmp

Run Build Command:"nmake" "/NOLOGO" "cmTC_86eff\fast"
	"D:\Qt\Microsoft Visual Studio 14.0\VC\BIN\nmake.exe" -f CMakeFiles\cmTC_86eff.dir\build.make /nologo -L                  CMakeFiles\cmTC_86eff.dir\build
Building C object CMakeFiles/cmTC_86eff.dir/CheckIncludeFiles.c.obj
	D:\Qt\MICROS~1.0\VC\BIN\cl.exe @C:\Users\ADMINI~1\AppData\Local\Temp\nm71D1.tmp
CheckIncludeFiles.c
F:\OBS\obs_qt _cmke\build\CMakeFiles\CMakeTmp\CheckIncludeFiles.c(2): fatal error C1083: 无法打开包括文件: “pthread.h”: No such file or directory
NMAKE : fatal error U1077: “D:\Qt\MICROS~1.0\VC\BIN\cl.exe”: 返回代码“0x2”
Stop.
NMAKE : fatal error U1077: “"D:\Qt\Microsoft Visual Studio 14.0\VC\BIN\nmake.exe"”: 返回代码“0x2”
Stop.

Source:
/* */
#include <pthread.h>


int main(void){return 0;}

Determining size of ssize_t failed with the following output:
Change Dir: F:/obs_git/obs_qt_cmake/obs_qt_cmake/build/CMakeFiles/CMakeTmp

Run Build Command:"nmake" "/NOLOGO" "cmTC_2f335\fast"
	"D:\Qt\Microsoft Visual Studio 14.0\VC\BIN\nmake.exe" -f CMakeFiles\cmTC_2f335.dir\build.make /nologo -L                  CMakeFiles\cmTC_2f335.dir\build
Building C object CMakeFiles/cmTC_2f335.dir/SSIZE_T.c.obj
	D:\Qt\MICROS~1.0\VC\BIN\cl.exe @C:\Users\ADMINI~1\AppData\Local\Temp\nm34C5.tmp
SSIZE_T.c
F:\obs_git\obs_qt_cmake\obs_qt_cmake\build\CMakeFiles\CheckTypeSize\SSIZE_T.c(19): error C2065: “ssize_t”: 未声明的标识符
F:\obs_git\obs_qt_cmake\obs_qt_cmake\build\CMakeFiles\CheckTypeSize\SSIZE_T.c(20): error C2065: “ssize_t”: 未声明的标识符
F:\obs_git\obs_qt_cmake\obs_qt_cmake\build\CMakeFiles\CheckTypeSize\SSIZE_T.c(21): error C2065: “ssize_t”: 未声明的标识符
F:\obs_git\obs_qt_cmake\obs_qt_cmake\build\CMakeFiles\CheckTypeSize\SSIZE_T.c(22): error C2065: “ssize_t”: 未声明的标识符
F:\obs_git\obs_qt_cmake\obs_qt_cmake\build\CMakeFiles\CheckTypeSize\SSIZE_T.c(23): error C2065: “ssize_t”: 未声明的标识符
NMAKE : fatal error U1077: “D:\Qt\MICROS~1.0\VC\BIN\cl.exe”: 返回代码“0x2”
Stop.
NMAKE : fatal error U1077: “"D:\Qt\Microsoft Visual Studio 14.0\VC\BIN\nmake.exe"”: 返回代码“0x2”
Stop.

F:/obs_git/obs_qt_cmake/obs_qt_cmake/build/CMakeFiles/CheckTypeSize/SSIZE_T.c:
#include <sys/types.h>
#include <stdint.h>
#include <stddef.h>


#undef KEY
#if defined(__i386)
# define KEY '_','_','i','3','8','6'
#elif defined(__x86_64)
# define KEY '_','_','x','8','6','_','6','4'
#elif defined(__ppc__)
# define KEY '_','_','p','p','c','_','_'
#elif defined(__ppc64__)
# define KEY '_','_','p','p','c','6','4','_','_'
#endif

#define SIZE (sizeof(ssize_t))
char info_size[] =  {'I', 'N', 'F', 'O', ':', 's','i','z','e','[',
  ('0' + ((SIZE / 10000)%10)),
  ('0' + ((SIZE / 1000)%10)),
  ('0' + ((SIZE / 100)%10)),
  ('0' + ((SIZE / 10)%10)),
  ('0' +  (SIZE    % 10)),
  ']',
#ifdef KEY
  ' ','k','e','y','[', KEY, ']',
#endif
  '\0'};

#ifdef __CLASSIC_C__
int main(argc, argv) int argc; char *argv[];
#else
int main(int argc, char *argv[])
#endif
{
  int require = 0;
  require += info_size[argc];
  (void)argv;
  return require;
}


Determining size of SSIZE_T failed with the following output:
Change Dir: F:/obs_git/obs_qt_cmake/obs_qt_cmake/build/CMakeFiles/CMakeTmp

Run Build Command:"nmake" "/NOLOGO" "cmTC_3e8a3\fast"
	"D:\Qt\Microsoft Visual Studio 14.0\VC\BIN\nmake.exe" -f CMakeFiles\cmTC_3e8a3.dir\build.make /nologo -L                  CMakeFiles\cmTC_3e8a3.dir\build
Building C object CMakeFiles/cmTC_3e8a3.dir/UPPERCASE_SSIZE_T.c.obj
	D:\Qt\MICROS~1.0\VC\BIN\cl.exe @C:\Users\ADMINI~1\AppData\Local\Temp\nm35EE.tmp
UPPERCASE_SSIZE_T.c
F:\obs_git\obs_qt_cmake\obs_qt_cmake\build\CMakeFiles\CheckTypeSize\UPPERCASE_SSIZE_T.c(19): error C2065: “SSIZE_T”: 未声明的标识符
F:\obs_git\obs_qt_cmake\obs_qt_cmake\build\CMakeFiles\CheckTypeSize\UPPERCASE_SSIZE_T.c(20): error C2065: “SSIZE_T”: 未声明的标识符
F:\obs_git\obs_qt_cmake\obs_qt_cmake\build\CMakeFiles\CheckTypeSize\UPPERCASE_SSIZE_T.c(21): error C2065: “SSIZE_T”: 未声明的标识符
F:\obs_git\obs_qt_cmake\obs_qt_cmake\build\CMakeFiles\CheckTypeSize\UPPERCASE_SSIZE_T.c(22): error C2065: “SSIZE_T”: 未声明的标识符
F:\obs_git\obs_qt_cmake\obs_qt_cmake\build\CMakeFiles\CheckTypeSize\UPPERCASE_SSIZE_T.c(23): error C2065: “SSIZE_T”: 未声明的标识符
NMAKE : fatal error U1077: “D:\Qt\MICROS~1.0\VC\BIN\cl.exe”: 返回代码“0x2”
Stop.
NMAKE : fatal error U1077: “"D:\Qt\Microsoft Visual Studio 14.0\VC\BIN\nmake.exe"”: 返回代码“0x2”
Stop.

F:/obs_git/obs_qt_cmake/obs_qt_cmake/build/CMakeFiles/CheckTypeSize/UPPERCASE_SSIZE_T.c:
#include <sys/types.h>
#include <stdint.h>
#include <stddef.h>


#undef KEY
#if defined(__i386)
# define KEY '_','_','i','3','8','6'
#elif defined(__x86_64)
# define KEY '_','_','x','8','6','_','6','4'
#elif defined(__ppc__)
# define KEY '_','_','p','p','c','_','_'
#elif defined(__ppc64__)
# define KEY '_','_','p','p','c','6','4','_','_'
#endif

#define SIZE (sizeof(SSIZE_T))
char info_size[] =  {'I', 'N', 'F', 'O', ':', 's','i','z','e','[',
  ('0' + ((SIZE / 10000)%10)),
  ('0' + ((SIZE / 1000)%10)),
  ('0' + ((SIZE / 100)%10)),
  ('0' + ((SIZE / 10)%10)),
  ('0' +  (SIZE    % 10)),
  ']',
#ifdef KEY
  ' ','k','e','y','[', KEY, ']',
#endif
  '\0'};

#ifdef __CLASSIC_C__
int main(argc, argv) int argc; char *argv[];
#else
int main(int argc, char *argv[])
#endif
{
  int require = 0;
  require += info_size[argc];
  (void)argv;
  return require;
}


Determining if the function strtoq exists failed with the following output:
Change Dir: F:/obs_git/obs_qt_cmake/obs_qt_cmake/build/CMakeFiles/CMakeTmp

Run Build Command:"nmake" "/NOLOGO" "cmTC_718e7\fast"
	"D:\Qt\Microsoft Visual Studio 14.0\VC\BIN\nmake.exe" -f CMakeFiles\cmTC_718e7.dir\build.make /nologo -L                  CMakeFiles\cmTC_718e7.dir\build
Building C object CMakeFiles/cmTC_718e7.dir/CheckFunctionExists.c.obj
	D:\Qt\MICROS~1.0\VC\BIN\cl.exe @C:\Users\ADMINI~1\AppData\Local\Temp\nm3AEF.tmp
CheckFunctionExists.c
Linking C executable cmTC_718e7.exe
	D:\app\CMake\bin\cmake.exe -E vs_link_exe --intdir=CMakeFiles\cmTC_718e7.dir --manifests  -- D:\Qt\MICROS~1.0\VC\bin\link.exe /nologo @CMakeFiles\cmTC_718e7.dir\objects1.rsp @C:\Users\ADMINI~1\AppData\Local\Temp\nm3B6D.tmp
CheckFunctionExists.c.obj : error LNK2019: 鏃犳硶瑙ｆ瀽鐨勫閮ㄧ鍙?_strtoq锛岃绗﹀彿鍦ㄥ嚱鏁?_main 涓寮曠敤
cmTC_718e7.exe : fatal error LNK1120: 1 涓棤娉曡В鏋愮殑澶栭儴鍛戒护
LINK Pass 1 failed. with 1120
NMAKE : fatal error U1077: “D:\app\CMake\bin\cmake.exe”: 返回代码“0xffffffff”
Stop.
NMAKE : fatal error U1077: “"D:\Qt\Microsoft Visual Studio 14.0\VC\BIN\nmake.exe"”: 返回代码“0x2”
Stop.


Performing C SOURCE FILE Test HAVE___INLINE__ failed with the following output:
Change Dir: F:/obs_git/obs_qt_cmake/obs_qt_cmake/build/CMakeFiles/CMakeTmp

Run Build Command:"nmake" "/NOLOGO" "cmTC_ed8bb\fast"
	"D:\Qt\Microsoft Visual Studio 14.0\VC\BIN\nmake.exe" -f CMakeFiles\cmTC_ed8bb.dir\build.make /nologo -L                  CMakeFiles\cmTC_ed8bb.dir\build
Building C object CMakeFiles/cmTC_ed8bb.dir/src.c.obj
	D:\Qt\MICROS~1.0\VC\BIN\cl.exe @C:\Users\ADMINI~1\AppData\Local\Temp\nm4E96.tmp
src.c
F:\obs_git\obs_qt_cmake\obs_qt_cmake\build\CMakeFiles\CMakeTmp\src.c(1): error C2054: 在“__inline__”之后应输入“(”
F:\obs_git\obs_qt_cmake\obs_qt_cmake\build\CMakeFiles\CMakeTmp\src.c(1): error C2085: “func”: 不在形参表中
F:\obs_git\obs_qt_cmake\obs_qt_cmake\build\CMakeFiles\CMakeTmp\src.c(1): error C2143: 语法错误: 缺少“;”(在“{”的前面)
F:\obs_git\obs_qt_cmake\obs_qt_cmake\build\CMakeFiles\CMakeTmp\src.c(1): warning C4013: “func”未定义；假设外部返回 int
NMAKE : fatal error U1077: “D:\Qt\MICROS~1.0\VC\BIN\cl.exe”: 返回代码“0x2”
Stop.
NMAKE : fatal error U1077: “"D:\Qt\Microsoft Visual Studio 14.0\VC\BIN\nmake.exe"”: 返回代码“0x2”
Stop.

Source file was:
__inline__ void func(); void func() { } int main() { func(); return 0; }
Determining if files pthread.h exist failed with the following output:
Change Dir: F:/obs_git/obs_qt_cmake/obs_qt_cmake/build/CMakeFiles/CMakeTmp

Run Build Command:"nmake" "/NOLOGO" "cmTC_fac3d\fast"
	"D:\Qt\Microsoft Visual Studio 14.0\VC\BIN\nmake.exe" -f CMakeFiles\cmTC_fac3d.dir\build.make /nologo -L                  CMakeFiles\cmTC_fac3d.dir\build
Building C object CMakeFiles/cmTC_fac3d.dir/CheckIncludeFiles.c.obj
	D:\Qt\MICROS~1.0\VC\BIN\cl.exe @C:\Users\ADMINI~1\AppData\Local\Temp\nm5666.tmp
CheckIncludeFiles.c
F:\obs_git\obs_qt_cmake\obs_qt_cmake\build\CMakeFiles\CMakeTmp\CheckIncludeFiles.c(2): fatal error C1083: 无法打开包括文件: “pthread.h”: No such file or directory
NMAKE : fatal error U1077: “D:\Qt\MICROS~1.0\VC\BIN\cl.exe”: 返回代码“0x2”
Stop.
NMAKE : fatal error U1077: “"D:\Qt\Microsoft Visual Studio 14.0\VC\BIN\nmake.exe"”: 返回代码“0x2”
Stop.

Source:
/* */
#include <pthread.h>


int main(void){return 0;}

Determining size of ssize_t failed with the following output:
Change Dir: F:/obs_git/obs_qt_cmake/obs_qt_cmake/build/CMakeFiles/CMakeTmp

Run Build Command:"nmake" "/NOLOGO" "cmTC_abe37\fast"
	"D:\Qt\Microsoft Visual Studio 14.0\VC\BIN\nmake.exe" -f CMakeFiles\cmTC_abe37.dir\build.make /nologo -L                  CMakeFiles\cmTC_abe37.dir\build
Building C object CMakeFiles/cmTC_abe37.dir/SSIZE_T.c.obj
	D:\Qt\MICROS~1.0\VC\BIN\cl.exe @C:\Users\ADMINI~1\AppData\Local\Temp\nm576B.tmp
SSIZE_T.c
F:\obs_git\obs_qt_cmake\obs_qt_cmake\build\CMakeFiles\CheckTypeSize\SSIZE_T.c(19): error C2065: “ssize_t”: 未声明的标识符
F:\obs_git\obs_qt_cmake\obs_qt_cmake\build\CMakeFiles\CheckTypeSize\SSIZE_T.c(20): error C2065: “ssize_t”: 未声明的标识符
F:\obs_git\obs_qt_cmake\obs_qt_cmake\build\CMakeFiles\CheckTypeSize\SSIZE_T.c(21): error C2065: “ssize_t”: 未声明的标识符
F:\obs_git\obs_qt_cmake\obs_qt_cmake\build\CMakeFiles\CheckTypeSize\SSIZE_T.c(22): error C2065: “ssize_t”: 未声明的标识符
F:\obs_git\obs_qt_cmake\obs_qt_cmake\build\CMakeFiles\CheckTypeSize\SSIZE_T.c(23): error C2065: “ssize_t”: 未声明的标识符
NMAKE : fatal error U1077: “D:\Qt\MICROS~1.0\VC\BIN\cl.exe”: 返回代码“0x2”
Stop.
NMAKE : fatal error U1077: “"D:\Qt\Microsoft Visual Studio 14.0\VC\BIN\nmake.exe"”: 返回代码“0x2”
Stop.

F:/obs_git/obs_qt_cmake/obs_qt_cmake/build/CMakeFiles/CheckTypeSize/SSIZE_T.c:
#include <sys/types.h>
#include <stdint.h>
#include <stddef.h>


#undef KEY
#if defined(__i386)
# define KEY '_','_','i','3','8','6'
#elif defined(__x86_64)
# define KEY '_','_','x','8','6','_','6','4'
#elif defined(__ppc__)
# define KEY '_','_','p','p','c','_','_'
#elif defined(__ppc64__)
# define KEY '_','_','p','p','c','6','4','_','_'
#endif

#define SIZE (sizeof(ssize_t))
char info_size[] =  {'I', 'N', 'F', 'O', ':', 's','i','z','e','[',
  ('0' + ((SIZE / 10000)%10)),
  ('0' + ((SIZE / 1000)%10)),
  ('0' + ((SIZE / 100)%10)),
  ('0' + ((SIZE / 10)%10)),
  ('0' +  (SIZE    % 10)),
  ']',
#ifdef KEY
  ' ','k','e','y','[', KEY, ']',
#endif
  '\0'};

#ifdef __CLASSIC_C__
int main(argc, argv) int argc; char *argv[];
#else
int main(int argc, char *argv[])
#endif
{
  int require = 0;
  require += info_size[argc];
  (void)argv;
  return require;
}


Determining size of SSIZE_T failed with the following output:
Change Dir: F:/obs_git/obs_qt_cmake/obs_qt_cmake/build/CMakeFiles/CMakeTmp

Run Build Command:"nmake" "/NOLOGO" "cmTC_fbb82\fast"
	"D:\Qt\Microsoft Visual Studio 14.0\VC\BIN\nmake.exe" -f CMakeFiles\cmTC_fbb82.dir\build.make /nologo -L                  CMakeFiles\cmTC_fbb82.dir\build
Building C object CMakeFiles/cmTC_fbb82.dir/UPPERCASE_SSIZE_T.c.obj
	D:\Qt\MICROS~1.0\VC\BIN\cl.exe @C:\Users\ADMINI~1\AppData\Local\Temp\nm5875.tmp
UPPERCASE_SSIZE_T.c
F:\obs_git\obs_qt_cmake\obs_qt_cmake\build\CMakeFiles\CheckTypeSize\UPPERCASE_SSIZE_T.c(19): error C2065: “SSIZE_T”: 未声明的标识符
F:\obs_git\obs_qt_cmake\obs_qt_cmake\build\CMakeFiles\CheckTypeSize\UPPERCASE_SSIZE_T.c(20): error C2065: “SSIZE_T”: 未声明的标识符
F:\obs_git\obs_qt_cmake\obs_qt_cmake\build\CMakeFiles\CheckTypeSize\UPPERCASE_SSIZE_T.c(21): error C2065: “SSIZE_T”: 未声明的标识符
F:\obs_git\obs_qt_cmake\obs_qt_cmake\build\CMakeFiles\CheckTypeSize\UPPERCASE_SSIZE_T.c(22): error C2065: “SSIZE_T”: 未声明的标识符
F:\obs_git\obs_qt_cmake\obs_qt_cmake\build\CMakeFiles\CheckTypeSize\UPPERCASE_SSIZE_T.c(23): error C2065: “SSIZE_T”: 未声明的标识符
NMAKE : fatal error U1077: “D:\Qt\MICROS~1.0\VC\BIN\cl.exe”: 返回代码“0x2”
Stop.
NMAKE : fatal error U1077: “"D:\Qt\Microsoft Visual Studio 14.0\VC\BIN\nmake.exe"”: 返回代码“0x2”
Stop.

F:/obs_git/obs_qt_cmake/obs_qt_cmake/build/CMakeFiles/CheckTypeSize/UPPERCASE_SSIZE_T.c:
#include <sys/types.h>
#include <stdint.h>
#include <stddef.h>


#undef KEY
#if defined(__i386)
# define KEY '_','_','i','3','8','6'
#elif defined(__x86_64)
# define KEY '_','_','x','8','6','_','6','4'
#elif defined(__ppc__)
# define KEY '_','_','p','p','c','_','_'
#elif defined(__ppc64__)
# define KEY '_','_','p','p','c','6','4','_','_'
#endif

#define SIZE (sizeof(SSIZE_T))
char info_size[] =  {'I', 'N', 'F', 'O', ':', 's','i','z','e','[',
  ('0' + ((SIZE / 10000)%10)),
  ('0' + ((SIZE / 1000)%10)),
  ('0' + ((SIZE / 100)%10)),
  ('0' + ((SIZE / 10)%10)),
  ('0' +  (SIZE    % 10)),
  ']',
#ifdef KEY
  ' ','k','e','y','[', KEY, ']',
#endif
  '\0'};

#ifdef __CLASSIC_C__
int main(argc, argv) int argc; char *argv[];
#else
int main(int argc, char *argv[])
#endif
{
  int require = 0;
  require += info_size[argc];
  (void)argv;
  return require;
}


Determining if the function strtoq exists failed with the following output:
Change Dir: F:/obs_git/obs_qt_cmake/obs_qt_cmake/build/CMakeFiles/CMakeTmp

Run Build Command:"nmake" "/NOLOGO" "cmTC_a2db8\fast"
	"D:\Qt\Microsoft Visual Studio 14.0\VC\BIN\nmake.exe" -f CMakeFiles\cmTC_a2db8.dir\build.make /nologo -L                  CMakeFiles\cmTC_a2db8.dir\build
Building C object CMakeFiles/cmTC_a2db8.dir/CheckFunctionExists.c.obj
	D:\Qt\MICROS~1.0\VC\BIN\cl.exe @C:\Users\ADMINI~1\AppData\Local\Temp\nm5C6D.tmp
CheckFunctionExists.c
Linking C executable cmTC_a2db8.exe
	D:\app\CMake\bin\cmake.exe -E vs_link_exe --intdir=CMakeFiles\cmTC_a2db8.dir --manifests  -- D:\Qt\MICROS~1.0\VC\bin\link.exe /nologo @CMakeFiles\cmTC_a2db8.dir\objects1.rsp @C:\Users\ADMINI~1\AppData\Local\Temp\nm5CDB.tmp
CheckFunctionExists.c.obj : error LNK2019: 鏃犳硶瑙ｆ瀽鐨勫閮ㄧ鍙?_strtoq锛岃绗﹀彿鍦ㄥ嚱鏁?_main 涓寮曠敤
cmTC_a2db8.exe : fatal error LNK1120: 1 涓棤娉曡В鏋愮殑澶栭儴鍛戒护
LINK Pass 1 failed. with 1120
NMAKE : fatal error U1077: “D:\app\CMake\bin\cmake.exe”: 返回代码“0xffffffff”
Stop.
NMAKE : fatal error U1077: “"D:\Qt\Microsoft Visual Studio 14.0\VC\BIN\nmake.exe"”: 返回代码“0x2”
Stop.


Performing C SOURCE FILE Test HAVE___INLINE__ failed with the following output:
Change Dir: F:/obs_git/obs_qt_cmake/obs_qt_cmake/build/CMakeFiles/CMakeTmp

Run Build Command:"nmake" "/NOLOGO" "cmTC_f4eff\fast"
	"D:\Qt\Microsoft Visual Studio 14.0\VC\BIN\nmake.exe" -f CMakeFiles\cmTC_f4eff.dir\build.make /nologo -L                  CMakeFiles\cmTC_f4eff.dir\build
Building C object CMakeFiles/cmTC_f4eff.dir/src.c.obj
	D:\Qt\MICROS~1.0\VC\BIN\cl.exe @C:\Users\ADMINI~1\AppData\Local\Temp\nm71BA.tmp
src.c
F:\obs_git\obs_qt_cmake\obs_qt_cmake\build\CMakeFiles\CMakeTmp\src.c(1): error C2054: 在“__inline__”之后应输入“(”
F:\obs_git\obs_qt_cmake\obs_qt_cmake\build\CMakeFiles\CMakeTmp\src.c(1): error C2085: “func”: 不在形参表中
F:\obs_git\obs_qt_cmake\obs_qt_cmake\build\CMakeFiles\CMakeTmp\src.c(1): error C2143: 语法错误: 缺少“;”(在“{”的前面)
F:\obs_git\obs_qt_cmake\obs_qt_cmake\build\CMakeFiles\CMakeTmp\src.c(1): warning C4013: “func”未定义；假设外部返回 int
NMAKE : fatal error U1077: “D:\Qt\MICROS~1.0\VC\BIN\cl.exe”: 返回代码“0x2”
Stop.
NMAKE : fatal error U1077: “"D:\Qt\Microsoft Visual Studio 14.0\VC\BIN\nmake.exe"”: 返回代码“0x2”
Stop.

Source file was:
__inline__ void func(); void func() { } int main() { func(); return 0; }
Determining if files pthread.h exist failed with the following output:
Change Dir: F:/obs_git/obs_qt_cmake/obs_qt_cmake/build/CMakeFiles/CMakeTmp

Run Build Command:"nmake" "/NOLOGO" "cmTC_f2cfc\fast"
	"D:\Qt\Microsoft Visual Studio 14.0\VC\BIN\nmake.exe" -f CMakeFiles\cmTC_f2cfc.dir\build.make /nologo -L                  CMakeFiles\cmTC_f2cfc.dir\build
Building C object CMakeFiles/cmTC_f2cfc.dir/CheckIncludeFiles.c.obj
	D:\Qt\MICROS~1.0\VC\BIN\cl.exe @C:\Users\ADMINI~1\AppData\Local\Temp\nm7B6E.tmp
CheckIncludeFiles.c
F:\obs_git\obs_qt_cmake\obs_qt_cmake\build\CMakeFiles\CMakeTmp\CheckIncludeFiles.c(2): fatal error C1083: 无法打开包括文件: “pthread.h”: No such file or directory
NMAKE : fatal error U1077: “D:\Qt\MICROS~1.0\VC\BIN\cl.exe”: 返回代码“0x2”
Stop.
NMAKE : fatal error U1077: “"D:\Qt\Microsoft Visual Studio 14.0\VC\BIN\nmake.exe"”: 返回代码“0x2”
Stop.

Source:
/* */
#include <pthread.h>


int main(void){return 0;}

Determining size of ssize_t failed with the following output:
Change Dir: F:/obs_git/obs_qt_cmake/obs_qt_cmake/build/CMakeFiles/CMakeTmp

Run Build Command:"nmake" "/NOLOGO" "cmTC_ba1bb\fast"
	"D:\Qt\Microsoft Visual Studio 14.0\VC\BIN\nmake.exe" -f CMakeFiles\cmTC_ba1bb.dir\build.make /nologo -L                  CMakeFiles\cmTC_ba1bb.dir\build
Building C object CMakeFiles/cmTC_ba1bb.dir/SSIZE_T.c.obj
	D:\Qt\MICROS~1.0\VC\BIN\cl.exe @C:\Users\ADMINI~1\AppData\Local\Temp\nmE714.tmp
SSIZE_T.c
F:\obs_git\obs_qt_cmake\obs_qt_cmake\build\CMakeFiles\CheckTypeSize\SSIZE_T.c(19): error C2065: “ssize_t”: 未声明的标识符
F:\obs_git\obs_qt_cmake\obs_qt_cmake\build\CMakeFiles\CheckTypeSize\SSIZE_T.c(20): error C2065: “ssize_t”: 未声明的标识符
F:\obs_git\obs_qt_cmake\obs_qt_cmake\build\CMakeFiles\CheckTypeSize\SSIZE_T.c(21): error C2065: “ssize_t”: 未声明的标识符
F:\obs_git\obs_qt_cmake\obs_qt_cmake\build\CMakeFiles\CheckTypeSize\SSIZE_T.c(22): error C2065: “ssize_t”: 未声明的标识符
F:\obs_git\obs_qt_cmake\obs_qt_cmake\build\CMakeFiles\CheckTypeSize\SSIZE_T.c(23): error C2065: “ssize_t”: 未声明的标识符
NMAKE : fatal error U1077: “D:\Qt\MICROS~1.0\VC\BIN\cl.exe”: 返回代码“0x2”
Stop.
NMAKE : fatal error U1077: “"D:\Qt\Microsoft Visual Studio 14.0\VC\BIN\nmake.exe"”: 返回代码“0x2”
Stop.

F:/obs_git/obs_qt_cmake/obs_qt_cmake/build/CMakeFiles/CheckTypeSize/SSIZE_T.c:
#include <sys/types.h>
#include <stdint.h>
#include <stddef.h>


#undef KEY
#if defined(__i386)
# define KEY '_','_','i','3','8','6'
#elif defined(__x86_64)
# define KEY '_','_','x','8','6','_','6','4'
#elif defined(__ppc__)
# define KEY '_','_','p','p','c','_','_'
#elif defined(__ppc64__)
# define KEY '_','_','p','p','c','6','4','_','_'
#endif

#define SIZE (sizeof(ssize_t))
char info_size[] =  {'I', 'N', 'F', 'O', ':', 's','i','z','e','[',
  ('0' + ((SIZE / 10000)%10)),
  ('0' + ((SIZE / 1000)%10)),
  ('0' + ((SIZE / 100)%10)),
  ('0' + ((SIZE / 10)%10)),
  ('0' +  (SIZE    % 10)),
  ']',
#ifdef KEY
  ' ','k','e','y','[', KEY, ']',
#endif
  '\0'};

#ifdef __CLASSIC_C__
int main(argc, argv) int argc; char *argv[];
#else
int main(int argc, char *argv[])
#endif
{
  int require = 0;
  require += info_size[argc];
  (void)argv;
  return require;
}


Determining size of SSIZE_T failed with the following output:
Change Dir: F:/obs_git/obs_qt_cmake/obs_qt_cmake/build/CMakeFiles/CMakeTmp

Run Build Command:"nmake" "/NOLOGO" "cmTC_00a85\fast"
	"D:\Qt\Microsoft Visual Studio 14.0\VC\BIN\nmake.exe" -f CMakeFiles\cmTC_00a85.dir\build.make /nologo -L                  CMakeFiles\cmTC_00a85.dir\build
Building C object CMakeFiles/cmTC_00a85.dir/UPPERCASE_SSIZE_T.c.obj
	D:\Qt\MICROS~1.0\VC\BIN\cl.exe @C:\Users\ADMINI~1\AppData\Local\Temp\nmE84C.tmp
UPPERCASE_SSIZE_T.c
F:\obs_git\obs_qt_cmake\obs_qt_cmake\build\CMakeFiles\CheckTypeSize\UPPERCASE_SSIZE_T.c(19): error C2065: “SSIZE_T”: 未声明的标识符
F:\obs_git\obs_qt_cmake\obs_qt_cmake\build\CMakeFiles\CheckTypeSize\UPPERCASE_SSIZE_T.c(20): error C2065: “SSIZE_T”: 未声明的标识符
F:\obs_git\obs_qt_cmake\obs_qt_cmake\build\CMakeFiles\CheckTypeSize\UPPERCASE_SSIZE_T.c(21): error C2065: “SSIZE_T”: 未声明的标识符
F:\obs_git\obs_qt_cmake\obs_qt_cmake\build\CMakeFiles\CheckTypeSize\UPPERCASE_SSIZE_T.c(22): error C2065: “SSIZE_T”: 未声明的标识符
F:\obs_git\obs_qt_cmake\obs_qt_cmake\build\CMakeFiles\CheckTypeSize\UPPERCASE_SSIZE_T.c(23): error C2065: “SSIZE_T”: 未声明的标识符
NMAKE : fatal error U1077: “D:\Qt\MICROS~1.0\VC\BIN\cl.exe”: 返回代码“0x2”
Stop.
NMAKE : fatal error U1077: “"D:\Qt\Microsoft Visual Studio 14.0\VC\BIN\nmake.exe"”: 返回代码“0x2”
Stop.

F:/obs_git/obs_qt_cmake/obs_qt_cmake/build/CMakeFiles/CheckTypeSize/UPPERCASE_SSIZE_T.c:
#include <sys/types.h>
#include <stdint.h>
#include <stddef.h>


#undef KEY
#if defined(__i386)
# define KEY '_','_','i','3','8','6'
#elif defined(__x86_64)
# define KEY '_','_','x','8','6','_','6','4'
#elif defined(__ppc__)
# define KEY '_','_','p','p','c','_','_'
#elif defined(__ppc64__)
# define KEY '_','_','p','p','c','6','4','_','_'
#endif

#define SIZE (sizeof(SSIZE_T))
char info_size[] =  {'I', 'N', 'F', 'O', ':', 's','i','z','e','[',
  ('0' + ((SIZE / 10000)%10)),
  ('0' + ((SIZE / 1000)%10)),
  ('0' + ((SIZE / 100)%10)),
  ('0' + ((SIZE / 10)%10)),
  ('0' +  (SIZE    % 10)),
  ']',
#ifdef KEY
  ' ','k','e','y','[', KEY, ']',
#endif
  '\0'};

#ifdef __CLASSIC_C__
int main(argc, argv) int argc; char *argv[];
#else
int main(int argc, char *argv[])
#endif
{
  int require = 0;
  require += info_size[argc];
  (void)argv;
  return require;
}


Determining if the function strtoq exists failed with the following output:
Change Dir: F:/obs_git/obs_qt_cmake/obs_qt_cmake/build/CMakeFiles/CMakeTmp

Run Build Command:"nmake" "/NOLOGO" "cmTC_66fd9\fast"
	"D:\Qt\Microsoft Visual Studio 14.0\VC\BIN\nmake.exe" -f CMakeFiles\cmTC_66fd9.dir\build.make /nologo -L                  CMakeFiles\cmTC_66fd9.dir\build
Building C object CMakeFiles/cmTC_66fd9.dir/CheckFunctionExists.c.obj
	D:\Qt\MICROS~1.0\VC\BIN\cl.exe @C:\Users\ADMINI~1\AppData\Local\Temp\nmECB1.tmp
CheckFunctionExists.c
Linking C executable cmTC_66fd9.exe
	D:\app\CMake\bin\cmake.exe -E vs_link_exe --intdir=CMakeFiles\cmTC_66fd9.dir --manifests  -- D:\Qt\MICROS~1.0\VC\bin\link.exe /nologo @CMakeFiles\cmTC_66fd9.dir\objects1.rsp @C:\Users\ADMINI~1\AppData\Local\Temp\nmED20.tmp
CheckFunctionExists.c.obj : error LNK2019: 鏃犳硶瑙ｆ瀽鐨勫閮ㄧ鍙?_strtoq锛岃绗﹀彿鍦ㄥ嚱鏁?_main 涓寮曠敤
cmTC_66fd9.exe : fatal error LNK1120: 1 涓棤娉曡В鏋愮殑澶栭儴鍛戒护
LINK Pass 1 failed. with 1120
NMAKE : fatal error U1077: “D:\app\CMake\bin\cmake.exe”: 返回代码“0xffffffff”
Stop.
NMAKE : fatal error U1077: “"D:\Qt\Microsoft Visual Studio 14.0\VC\BIN\nmake.exe"”: 返回代码“0x2”
Stop.


Performing C SOURCE FILE Test HAVE___INLINE__ failed with the following output:
Change Dir: F:/obs_git/obs_qt_cmake/obs_qt_cmake/build/CMakeFiles/CMakeTmp

Run Build Command:"nmake" "/NOLOGO" "cmTC_0b145\fast"
	"D:\Qt\Microsoft Visual Studio 14.0\VC\BIN\nmake.exe" -f CMakeFiles\cmTC_0b145.dir\build.make /nologo -L                  CMakeFiles\cmTC_0b145.dir\build
Building C object CMakeFiles/cmTC_0b145.dir/src.c.obj
	D:\Qt\MICROS~1.0\VC\BIN\cl.exe @C:\Users\ADMINI~1\AppData\Local\Temp\nm47F.tmp
src.c
F:\obs_git\obs_qt_cmake\obs_qt_cmake\build\CMakeFiles\CMakeTmp\src.c(1): error C2054: 在“__inline__”之后应输入“(”
F:\obs_git\obs_qt_cmake\obs_qt_cmake\build\CMakeFiles\CMakeTmp\src.c(1): error C2085: “func”: 不在形参表中
F:\obs_git\obs_qt_cmake\obs_qt_cmake\build\CMakeFiles\CMakeTmp\src.c(1): error C2143: 语法错误: 缺少“;”(在“{”的前面)
F:\obs_git\obs_qt_cmake\obs_qt_cmake\build\CMakeFiles\CMakeTmp\src.c(1): warning C4013: “func”未定义；假设外部返回 int
NMAKE : fatal error U1077: “D:\Qt\MICROS~1.0\VC\BIN\cl.exe”: 返回代码“0x2”
Stop.
NMAKE : fatal error U1077: “"D:\Qt\Microsoft Visual Studio 14.0\VC\BIN\nmake.exe"”: 返回代码“0x2”
Stop.

Source file was:
__inline__ void func(); void func() { } int main() { func(); return 0; }
Determining if files pthread.h exist failed with the following output:
Change Dir: F:/obs_git/obs_qt_cmake/obs_qt_cmake/build/CMakeFiles/CMakeTmp

Run Build Command:"nmake" "/NOLOGO" "cmTC_9a93b\fast"
	"D:\Qt\Microsoft Visual Studio 14.0\VC\BIN\nmake.exe" -f CMakeFiles\cmTC_9a93b.dir\build.make /nologo -L                  CMakeFiles\cmTC_9a93b.dir\build
Building C object CMakeFiles/cmTC_9a93b.dir/CheckIncludeFiles.c.obj
	D:\Qt\MICROS~1.0\VC\BIN\cl.exe @C:\Users\ADMINI~1\AppData\Local\Temp\nmD2A.tmp
CheckIncludeFiles.c
F:\obs_git\obs_qt_cmake\obs_qt_cmake\build\CMakeFiles\CMakeTmp\CheckIncludeFiles.c(2): fatal error C1083: 无法打开包括文件: “pthread.h”: No such file or directory
NMAKE : fatal error U1077: “D:\Qt\MICROS~1.0\VC\BIN\cl.exe”: 返回代码“0x2”
Stop.
NMAKE : fatal error U1077: “"D:\Qt\Microsoft Visual Studio 14.0\VC\BIN\nmake.exe"”: 返回代码“0x2”
Stop.

Source:
/* */
#include <pthread.h>


int main(void){return 0;}

